<?xml version="1.0" encoding="UTF-8"?>
<testng-results skipped="0" failed="0" ignored="0" total="1" passed="1">
  <reporter-output>
  </reporter-output>
  <suite name="Default suite" duration-ms="29862" started-at="2021-07-07T19:26:59 IST" finished-at="2021-07-07T19:27:29 IST">
    <groups>
    </groups>
    <test name="Default test" duration-ms="29862" started-at="2021-07-07T19:26:59 IST" finished-at="2021-07-07T19:27:29 IST">
      <class name="olxautomation.olxautomation.AppTest">
        <test-method status="PASS" signature="main()[pri:0, instance:olxautomation.olxautomation.AppTest@1fc2b765]" name="main" is-config="true" duration-ms="21487" started-at="2021-07-07T19:26:59 IST" finished-at="2021-07-07T19:27:21 IST">
          <reporter-output>
          </reporter-output>
        </test-method> <!-- main -->
        <test-method status="PASS" signature="refreshAds()[pri:2, instance:olxautomation.olxautomation.AppTest@1fc2b765]" name="refreshAds" duration-ms="8171" started-at="2021-07-07T19:27:21 IST" finished-at="2021-07-07T19:27:29 IST">
          <reporter-output>
          </reporter-output>
        </test-method> <!-- refreshAds -->
        <test-method status="PASS" signature="close()[pri:0, instance:olxautomation.olxautomation.AppTest@1fc2b765]" name="close" is-config="true" duration-ms="175" started-at="2021-07-07T19:27:29 IST" finished-at="2021-07-07T19:27:29 IST">
          <reporter-output>
          </reporter-output>
        </test-method> <!-- close -->
      </class> <!-- olxautomation.olxautomation.AppTest -->
    </test> <!-- Default test -->
  </suite> <!-- Default suite -->
</testng-results>
