<?xml version="1.0" encoding="UTF-8"?>
<!-- Generated by org.testng.reporters.JUnitXMLReporter -->
<testsuite hostname="DESKTOP-C8H77MF" ignored="0" name="Test" tests="1" failures="1" timestamp="2021-07-07T19:16:14 IST" time="22.804" errors="0">
  <testcase name="refreshAds" time="0.011" classname="olxautomation.olxautomation.AppTest">
    <failure type="java.lang.NullPointerException">
      <![CDATA[java.lang.NullPointerException
at olxautomation.olxautomation.AppTest.refreshAds(AppTest.java:76)
at java.util.ArrayList.forEach(ArrayList.java:1259)
... Removed 27 stack frames]]>
    </failure>
  </testcase> <!-- refreshAds -->
</testsuite> <!-- Test -->
